[0706/085219.015:ERROR:registration_protocol_win.cc(131)] TransactNamedPipe: O pipe foi finalizado. (0x6D)
[0714/142151.116:ERROR:crash_report_database_win.cc(469)] failed to stat report
[0714/142151.116:ERROR:crash_report_database_win.cc(469)] failed to stat report
[0714/142151.117:ERROR:crash_report_database_win.cc(469)] failed to stat report
[0714/142151.117:ERROR:crash_report_database_win.cc(469)] failed to stat report
[0714/142151.117:ERROR:crash_report_database_win.cc(469)] failed to stat report
[0714/142151.117:ERROR:crash_report_database_win.cc(469)] failed to stat report
[0714/142151.117:ERROR:crash_report_database_win.cc(469)] failed to stat report
[0714/142151.117:ERROR:crash_report_database_win.cc(469)] failed to stat report
[0714/142151.123:ERROR:crash_report_database_win.cc(469)] failed to stat report
[0714/142151.124:ERROR:crash_report_database_win.cc(469)] failed to stat report
[0714/143151.142:ERROR:crash_report_database_win.cc(469)] failed to stat report
[0714/143151.142:ERROR:crash_report_database_win.cc(469)] failed to stat report
[0714/143151.142:ERROR:crash_report_database_win.cc(469)] failed to stat report
[0714/143151.142:ERROR:crash_report_database_win.cc(469)] failed to stat report
[0714/143151.142:ERROR:crash_report_database_win.cc(469)] failed to stat report
[0714/143151.142:ERROR:crash_report_database_win.cc(469)] failed to stat report
[0714/143151.142:ERROR:crash_report_database_win.cc(469)] failed to stat report
[0714/143151.142:ERROR:crash_report_database_win.cc(469)] failed to stat report
[0714/143151.142:ERROR:crash_report_database_win.cc(469)] failed to stat report
[0714/143151.142:ERROR:crash_report_database_win.cc(469)] failed to stat report
[0714/143151.142:ERROR:crash_report_database_win.cc(469)] failed to stat report
[0714/143151.142:ERROR:crash_report_database_win.cc(469)] failed to stat report
[0714/143151.142:ERROR:crash_report_database_win.cc(469)] failed to stat report
[0714/143151.142:ERROR:crash_report_database_win.cc(469)] failed to stat report
[0714/143151.142:ERROR:crash_report_database_win.cc(469)] failed to stat report
[0714/143151.142:ERROR:crash_report_database_win.cc(469)] failed to stat report
[0714/143151.142:ERROR:crash_report_database_win.cc(469)] failed to stat report
[0714/143151.142:ERROR:crash_report_database_win.cc(469)] failed to stat report
[0714/143151.143:ERROR:crash_report_database_win.cc(469)] failed to stat report
[0714/143151.143:ERROR:crash_report_database_win.cc(469)] failed to stat report
[0714/143651.126:ERROR:crash_report_database_win.cc(469)] failed to stat report
[0714/143651.126:ERROR:crash_report_database_win.cc(469)] failed to stat report
[0714/143651.126:ERROR:crash_report_database_win.cc(469)] failed to stat report
[0714/143651.126:ERROR:crash_report_database_win.cc(469)] failed to stat report
[0714/143651.126:ERROR:crash_report_database_win.cc(469)] failed to stat report
[0714/143651.126:ERROR:crash_report_database_win.cc(469)] failed to stat report
[0714/143651.126:ERROR:crash_report_database_win.cc(469)] failed to stat report
[0714/143651.126:ERROR:crash_report_database_win.cc(469)] failed to stat report
[0714/143651.126:ERROR:crash_report_database_win.cc(469)] failed to stat report
[0714/143651.127:ERROR:crash_report_database_win.cc(469)] failed to stat report
[0714/145151.137:ERROR:crash_report_database_win.cc(469)] failed to stat report
[0714/145151.137:ERROR:crash_report_database_win.cc(469)] failed to stat report
[0714/145151.138:ERROR:crash_report_database_win.cc(469)] failed to stat report
[0714/145151.138:ERROR:crash_report_database_win.cc(469)] failed to stat report
[0714/145151.138:ERROR:crash_report_database_win.cc(469)] failed to stat report
[0714/145151.138:ERROR:crash_report_database_win.cc(469)] failed to stat report
[0714/145151.138:ERROR:crash_report_database_win.cc(469)] failed to stat report
[0714/145151.138:ERROR:crash_report_database_win.cc(469)] failed to stat report
[0714/145151.138:ERROR:crash_report_database_win.cc(469)] failed to stat report
[0714/145151.138:ERROR:crash_report_database_win.cc(469)] failed to stat report
[0714/150651.158:ERROR:crash_report_database_win.cc(469)] failed to stat report
[0714/150651.158:ERROR:crash_report_database_win.cc(469)] failed to stat report
[0714/150651.158:ERROR:crash_report_database_win.cc(469)] failed to stat report
[0714/150651.159:ERROR:crash_report_database_win.cc(469)] failed to stat report
[0714/150651.159:ERROR:crash_report_database_win.cc(469)] failed to stat report
[0714/150651.159:ERROR:crash_report_database_win.cc(469)] failed to stat report
[0714/150651.159:ERROR:crash_report_database_win.cc(469)] failed to stat report
[0714/150651.159:ERROR:crash_report_database_win.cc(469)] failed to stat report
[0714/150651.159:ERROR:crash_report_database_win.cc(469)] failed to stat report
[0714/150651.159:ERROR:crash_report_database_win.cc(469)] failed to stat report
[0714/152151.161:ERROR:crash_report_database_win.cc(469)] failed to stat report
[0714/152151.161:ERROR:crash_report_database_win.cc(469)] failed to stat report
[0714/152151.162:ERROR:crash_report_database_win.cc(469)] failed to stat report
[0714/152151.162:ERROR:crash_report_database_win.cc(469)] failed to stat report
[0714/152151.162:ERROR:crash_report_database_win.cc(469)] failed to stat report
[0714/152151.162:ERROR:crash_report_database_win.cc(469)] failed to stat report
[0714/152151.162:ERROR:crash_report_database_win.cc(469)] failed to stat report
[0714/152151.162:ERROR:crash_report_database_win.cc(469)] failed to stat report
[0714/152151.162:ERROR:crash_report_database_win.cc(469)] failed to stat report
[0714/152151.162:ERROR:crash_report_database_win.cc(469)] failed to stat report
[0714/153651.169:ERROR:crash_report_database_win.cc(469)] failed to stat report
[0714/153651.169:ERROR:crash_report_database_win.cc(469)] failed to stat report
[0714/153651.170:ERROR:crash_report_database_win.cc(469)] failed to stat report
[0714/153651.170:ERROR:crash_report_database_win.cc(469)] failed to stat report
[0714/153651.170:ERROR:crash_report_database_win.cc(469)] failed to stat report
[0714/153651.170:ERROR:crash_report_database_win.cc(469)] failed to stat report
[0714/153651.171:ERROR:crash_report_database_win.cc(469)] failed to stat report
[0714/153651.171:ERROR:crash_report_database_win.cc(469)] failed to stat report
[0714/153651.171:ERROR:crash_report_database_win.cc(469)] failed to stat report
[0714/153651.171:ERROR:crash_report_database_win.cc(469)] failed to stat report
[0714/155151.172:ERROR:crash_report_database_win.cc(469)] failed to stat report
[0714/155151.172:ERROR:crash_report_database_win.cc(469)] failed to stat report
[0714/155151.172:ERROR:crash_report_database_win.cc(469)] failed to stat report
[0714/155151.172:ERROR:crash_report_database_win.cc(469)] failed to stat report
[0714/155151.172:ERROR:crash_report_database_win.cc(469)] failed to stat report
[0714/155151.172:ERROR:crash_report_database_win.cc(469)] failed to stat report
[0714/155151.172:ERROR:crash_report_database_win.cc(469)] failed to stat report
[0714/155151.172:ERROR:crash_report_database_win.cc(469)] failed to stat report
[0714/155151.172:ERROR:crash_report_database_win.cc(469)] failed to stat report
[0714/155151.172:ERROR:crash_report_database_win.cc(469)] failed to stat report
[0714/160651.190:ERROR:crash_report_database_win.cc(469)] failed to stat report
[0714/160651.190:ERROR:crash_report_database_win.cc(469)] failed to stat report
[0714/160651.190:ERROR:crash_report_database_win.cc(469)] failed to stat report
[0714/160651.190:ERROR:crash_report_database_win.cc(469)] failed to stat report
[0714/160651.190:ERROR:crash_report_database_win.cc(469)] failed to stat report
[0714/160651.190:ERROR:crash_report_database_win.cc(469)] failed to stat report
[0714/160651.191:ERROR:crash_report_database_win.cc(469)] failed to stat report
[0714/160651.191:ERROR:crash_report_database_win.cc(469)] failed to stat report
[0714/160651.191:ERROR:crash_report_database_win.cc(469)] failed to stat report
[0714/160651.191:ERROR:crash_report_database_win.cc(469)] failed to stat report
[0714/162151.207:ERROR:crash_report_database_win.cc(469)] failed to stat report
[0714/162151.207:ERROR:crash_report_database_win.cc(469)] failed to stat report
[0714/162151.208:ERROR:crash_report_database_win.cc(469)] failed to stat report
[0714/162151.208:ERROR:crash_report_database_win.cc(469)] failed to stat report
[0714/162151.208:ERROR:crash_report_database_win.cc(469)] failed to stat report
[0714/162151.208:ERROR:crash_report_database_win.cc(469)] failed to stat report
[0714/162151.208:ERROR:crash_report_database_win.cc(469)] failed to stat report
[0714/162151.208:ERROR:crash_report_database_win.cc(469)] failed to stat report
[0714/162151.208:ERROR:crash_report_database_win.cc(469)] failed to stat report
[0714/162151.208:ERROR:crash_report_database_win.cc(469)] failed to stat report
[0714/163651.216:ERROR:crash_report_database_win.cc(469)] failed to stat report
[0714/163651.216:ERROR:crash_report_database_win.cc(469)] failed to stat report
[0714/163651.216:ERROR:crash_report_database_win.cc(469)] failed to stat report
[0714/163651.216:ERROR:crash_report_database_win.cc(469)] failed to stat report
[0714/163651.217:ERROR:crash_report_database_win.cc(469)] failed to stat report
[0714/163651.217:ERROR:crash_report_database_win.cc(469)] failed to stat report
[0714/163651.217:ERROR:crash_report_database_win.cc(469)] failed to stat report
[0714/163651.217:ERROR:crash_report_database_win.cc(469)] failed to stat report
[0714/163651.217:ERROR:crash_report_database_win.cc(469)] failed to stat report
[0714/163651.217:ERROR:crash_report_database_win.cc(469)] failed to stat report
[0714/165151.231:ERROR:crash_report_database_win.cc(469)] failed to stat report
[0714/165151.232:ERROR:crash_report_database_win.cc(469)] failed to stat report
[0714/165151.232:ERROR:crash_report_database_win.cc(469)] failed to stat report
[0714/165151.232:ERROR:crash_report_database_win.cc(469)] failed to stat report
[0714/165151.234:ERROR:crash_report_database_win.cc(469)] failed to stat report
[0714/165151.234:ERROR:crash_report_database_win.cc(469)] failed to stat report
[0714/165151.234:ERROR:crash_report_database_win.cc(469)] failed to stat report
[0714/165151.235:ERROR:crash_report_database_win.cc(469)] failed to stat report
[0714/165151.235:ERROR:crash_report_database_win.cc(469)] failed to stat report
[0714/165151.235:ERROR:crash_report_database_win.cc(469)] failed to stat report
[0714/170651.269:ERROR:crash_report_database_win.cc(469)] failed to stat report
[0714/170651.269:ERROR:crash_report_database_win.cc(469)] failed to stat report
[0714/170651.269:ERROR:crash_report_database_win.cc(469)] failed to stat report
[0714/170651.269:ERROR:crash_report_database_win.cc(469)] failed to stat report
[0714/170651.269:ERROR:crash_report_database_win.cc(469)] failed to stat report
[0714/170651.269:ERROR:crash_report_database_win.cc(469)] failed to stat report
[0714/170651.269:ERROR:crash_report_database_win.cc(469)] failed to stat report
[0714/170651.269:ERROR:crash_report_database_win.cc(469)] failed to stat report
[0714/170651.285:ERROR:crash_report_database_win.cc(469)] failed to stat report
[0714/170651.285:ERROR:crash_report_database_win.cc(469)] failed to stat report
[0714/172151.301:ERROR:crash_report_database_win.cc(469)] failed to stat report
[0714/172151.301:ERROR:crash_report_database_win.cc(469)] failed to stat report
[0714/172151.301:ERROR:crash_report_database_win.cc(469)] failed to stat report
[0714/172151.302:ERROR:crash_report_database_win.cc(469)] failed to stat report
[0714/172151.302:ERROR:crash_report_database_win.cc(469)] failed to stat report
[0714/172151.302:ERROR:crash_report_database_win.cc(469)] failed to stat report
[0714/172151.302:ERROR:crash_report_database_win.cc(469)] failed to stat report
[0714/172151.302:ERROR:crash_report_database_win.cc(469)] failed to stat report
[0714/172151.302:ERROR:crash_report_database_win.cc(469)] failed to stat report
[0714/172151.302:ERROR:crash_report_database_win.cc(469)] failed to stat report
[0714/224523.492:ERROR:crash_report_database_win.cc(469)] failed to stat report
[0714/224523.498:ERROR:crash_report_database_win.cc(469)] failed to stat report
[0714/224523.498:ERROR:crash_report_database_win.cc(469)] failed to stat report
[0714/224523.498:ERROR:crash_report_database_win.cc(469)] failed to stat report
[0714/224523.498:ERROR:crash_report_database_win.cc(469)] failed to stat report
[0714/224523.499:ERROR:crash_report_database_win.cc(469)] failed to stat report
[0714/224523.499:ERROR:crash_report_database_win.cc(469)] failed to stat report
[0714/224523.499:ERROR:crash_report_database_win.cc(469)] failed to stat report
[0714/224523.499:ERROR:crash_report_database_win.cc(469)] failed to stat report
[0714/224523.499:ERROR:crash_report_database_win.cc(469)] failed to stat report
[0714/230023.507:ERROR:crash_report_database_win.cc(469)] failed to stat report
[0714/230023.508:ERROR:crash_report_database_win.cc(469)] failed to stat report
[0714/230023.508:ERROR:crash_report_database_win.cc(469)] failed to stat report
[0714/230023.508:ERROR:crash_report_database_win.cc(469)] failed to stat report
[0714/230023.508:ERROR:crash_report_database_win.cc(469)] failed to stat report
[0714/230023.508:ERROR:crash_report_database_win.cc(469)] failed to stat report
[0714/230023.508:ERROR:crash_report_database_win.cc(469)] failed to stat report
[0714/230023.508:ERROR:crash_report_database_win.cc(469)] failed to stat report
[0714/230023.508:ERROR:crash_report_database_win.cc(469)] failed to stat report
[0714/230023.508:ERROR:crash_report_database_win.cc(469)] failed to stat report
[0714/231523.513:ERROR:crash_report_database_win.cc(469)] failed to stat report
[0714/231523.514:ERROR:crash_report_database_win.cc(469)] failed to stat report
[0714/231523.514:ERROR:crash_report_database_win.cc(469)] failed to stat report
[0714/231523.514:ERROR:crash_report_database_win.cc(469)] failed to stat report
[0714/231523.514:ERROR:crash_report_database_win.cc(469)] failed to stat report
[0714/231523.514:ERROR:crash_report_database_win.cc(469)] failed to stat report
[0714/231523.515:ERROR:crash_report_database_win.cc(469)] failed to stat report
[0714/231523.515:ERROR:crash_report_database_win.cc(469)] failed to stat report
[0714/231523.515:ERROR:crash_report_database_win.cc(469)] failed to stat report
[0714/231523.515:ERROR:crash_report_database_win.cc(469)] failed to stat report
[0714/233023.519:ERROR:crash_report_database_win.cc(469)] failed to stat report
[0714/233023.520:ERROR:crash_report_database_win.cc(469)] failed to stat report
[0714/233023.520:ERROR:crash_report_database_win.cc(469)] failed to stat report
[0714/233023.520:ERROR:crash_report_database_win.cc(469)] failed to stat report
[0714/233023.520:ERROR:crash_report_database_win.cc(469)] failed to stat report
[0714/233023.520:ERROR:crash_report_database_win.cc(469)] failed to stat report
[0714/233023.520:ERROR:crash_report_database_win.cc(469)] failed to stat report
[0714/233023.520:ERROR:crash_report_database_win.cc(469)] failed to stat report
[0714/233023.520:ERROR:crash_report_database_win.cc(469)] failed to stat report
[0714/233023.520:ERROR:crash_report_database_win.cc(469)] failed to stat report
[0714/234523.528:ERROR:crash_report_database_win.cc(469)] failed to stat report
[0714/234523.528:ERROR:crash_report_database_win.cc(469)] failed to stat report
[0714/234523.528:ERROR:crash_report_database_win.cc(469)] failed to stat report
[0714/234523.528:ERROR:crash_report_database_win.cc(469)] failed to stat report
[0714/234523.528:ERROR:crash_report_database_win.cc(469)] failed to stat report
[0714/234523.528:ERROR:crash_report_database_win.cc(469)] failed to stat report
[0714/234523.528:ERROR:crash_report_database_win.cc(469)] failed to stat report
[0714/234523.528:ERROR:crash_report_database_win.cc(469)] failed to stat report
[0714/234523.528:ERROR:crash_report_database_win.cc(469)] failed to stat report
[0714/234523.529:ERROR:crash_report_database_win.cc(469)] failed to stat report
[0715/000023.531:ERROR:crash_report_database_win.cc(469)] failed to stat report
[0715/000023.531:ERROR:crash_report_database_win.cc(469)] failed to stat report
[0715/000023.531:ERROR:crash_report_database_win.cc(469)] failed to stat report
[0715/000023.531:ERROR:crash_report_database_win.cc(469)] failed to stat report
[0715/000023.531:ERROR:crash_report_database_win.cc(469)] failed to stat report
[0715/000023.531:ERROR:crash_report_database_win.cc(469)] failed to stat report
[0715/000023.531:ERROR:crash_report_database_win.cc(469)] failed to stat report
[0715/000023.531:ERROR:crash_report_database_win.cc(469)] failed to stat report
[0715/000023.531:ERROR:crash_report_database_win.cc(469)] failed to stat report
[0715/000023.531:ERROR:crash_report_database_win.cc(469)] failed to stat report
[0715/001523.541:ERROR:crash_report_database_win.cc(469)] failed to stat report
[0715/001523.541:ERROR:crash_report_database_win.cc(469)] failed to stat report
[0715/001523.541:ERROR:crash_report_database_win.cc(469)] failed to stat report
[0715/001523.541:ERROR:crash_report_database_win.cc(469)] failed to stat report
[0715/001523.541:ERROR:crash_report_database_win.cc(469)] failed to stat report
[0715/001523.542:ERROR:crash_report_database_win.cc(469)] failed to stat report
[0715/001523.542:ERROR:crash_report_database_win.cc(469)] failed to stat report
[0715/001523.542:ERROR:crash_report_database_win.cc(469)] failed to stat report
[0715/001523.542:ERROR:crash_report_database_win.cc(469)] failed to stat report
[0715/001523.542:ERROR:crash_report_database_win.cc(469)] failed to stat report
[0715/003023.551:ERROR:crash_report_database_win.cc(469)] failed to stat report
[0715/003023.551:ERROR:crash_report_database_win.cc(469)] failed to stat report
[0715/003023.551:ERROR:crash_report_database_win.cc(469)] failed to stat report
[0715/003023.551:ERROR:crash_report_database_win.cc(469)] failed to stat report
[0715/003023.551:ERROR:crash_report_database_win.cc(469)] failed to stat report
[0715/003023.552:ERROR:crash_report_database_win.cc(469)] failed to stat report
[0715/003023.552:ERROR:crash_report_database_win.cc(469)] failed to stat report
[0715/003023.552:ERROR:crash_report_database_win.cc(469)] failed to stat report
[0715/003023.552:ERROR:crash_report_database_win.cc(469)] failed to stat report
[0715/003023.552:ERROR:crash_report_database_win.cc(469)] failed to stat report
[0715/194426.475:ERROR:crash_report_database_win.cc(469)] failed to stat report
[0715/194426.475:ERROR:crash_report_database_win.cc(469)] failed to stat report
[0715/194426.475:ERROR:crash_report_database_win.cc(469)] failed to stat report
[0715/194426.475:ERROR:crash_report_database_win.cc(469)] failed to stat report
[0715/194426.475:ERROR:crash_report_database_win.cc(469)] failed to stat report
[0715/194426.475:ERROR:crash_report_database_win.cc(469)] failed to stat report
[0715/194426.475:ERROR:crash_report_database_win.cc(469)] failed to stat report
[0715/194426.475:ERROR:crash_report_database_win.cc(469)] failed to stat report
[0715/194426.475:ERROR:crash_report_database_win.cc(469)] failed to stat report
[0715/194426.475:ERROR:crash_report_database_win.cc(469)] failed to stat report
[0715/194640.800:ERROR:crash_report_database_win.cc(469)] failed to stat report
[0715/194640.802:ERROR:crash_report_database_win.cc(469)] failed to stat report
[0715/194640.802:ERROR:crash_report_database_win.cc(469)] failed to stat report
[0715/194640.802:ERROR:crash_report_database_win.cc(469)] failed to stat report
[0715/194640.802:ERROR:crash_report_database_win.cc(469)] failed to stat report
[0715/194640.802:ERROR:crash_report_database_win.cc(469)] failed to stat report
[0715/194640.802:ERROR:crash_report_database_win.cc(469)] failed to stat report
[0715/194640.802:ERROR:crash_report_database_win.cc(469)] failed to stat report
[0715/194640.803:ERROR:crash_report_database_win.cc(469)] failed to stat report
[0715/194640.803:ERROR:crash_report_database_win.cc(469)] failed to stat report
[0715/195926.595:ERROR:crash_report_database_win.cc(469)] failed to stat report
[0715/195926.596:ERROR:crash_report_database_win.cc(469)] failed to stat report
[0715/195926.596:ERROR:crash_report_database_win.cc(469)] failed to stat report
[0715/195926.596:ERROR:crash_report_database_win.cc(469)] failed to stat report
[0715/195926.596:ERROR:crash_report_database_win.cc(469)] failed to stat report
[0715/195926.596:ERROR:crash_report_database_win.cc(469)] failed to stat report
[0715/195926.597:ERROR:crash_report_database_win.cc(469)] failed to stat report
[0715/195926.597:ERROR:crash_report_database_win.cc(469)] failed to stat report
[0715/195926.597:ERROR:crash_report_database_win.cc(469)] failed to stat report
[0715/195926.597:ERROR:crash_report_database_win.cc(469)] failed to stat report
[0715/201426.605:ERROR:crash_report_database_win.cc(469)] failed to stat report
[0715/201426.605:ERROR:crash_report_database_win.cc(469)] failed to stat report
[0715/201426.605:ERROR:crash_report_database_win.cc(469)] failed to stat report
[0715/201426.605:ERROR:crash_report_database_win.cc(469)] failed to stat report
[0715/201426.605:ERROR:crash_report_database_win.cc(469)] failed to stat report
[0715/201426.605:ERROR:crash_report_database_win.cc(469)] failed to stat report
[0715/201426.605:ERROR:crash_report_database_win.cc(469)] failed to stat report
[0715/201426.605:ERROR:crash_report_database_win.cc(469)] failed to stat report
[0715/201426.605:ERROR:crash_report_database_win.cc(469)] failed to stat report
[0715/201426.605:ERROR:crash_report_database_win.cc(469)] failed to stat report
[0715/202926.618:ERROR:crash_report_database_win.cc(469)] failed to stat report
[0715/202926.618:ERROR:crash_report_database_win.cc(469)] failed to stat report
[0715/202926.618:ERROR:crash_report_database_win.cc(469)] failed to stat report
[0715/202926.618:ERROR:crash_report_database_win.cc(469)] failed to stat report
[0715/202926.618:ERROR:crash_report_database_win.cc(469)] failed to stat report
[0715/202926.618:ERROR:crash_report_database_win.cc(469)] failed to stat report
[0715/202926.618:ERROR:crash_report_database_win.cc(469)] failed to stat report
[0715/202926.618:ERROR:crash_report_database_win.cc(469)] failed to stat report
[0715/202926.618:ERROR:crash_report_database_win.cc(469)] failed to stat report
[0715/202926.618:ERROR:crash_report_database_win.cc(469)] failed to stat report
[0715/204426.624:ERROR:crash_report_database_win.cc(469)] failed to stat report
[0715/204426.625:ERROR:crash_report_database_win.cc(469)] failed to stat report
[0715/204426.625:ERROR:crash_report_database_win.cc(469)] failed to stat report
[0715/204426.625:ERROR:crash_report_database_win.cc(469)] failed to stat report
[0715/204426.625:ERROR:crash_report_database_win.cc(469)] failed to stat report
[0715/204426.625:ERROR:crash_report_database_win.cc(469)] failed to stat report
[0715/204426.626:ERROR:crash_report_database_win.cc(469)] failed to stat report
[0715/204426.626:ERROR:crash_report_database_win.cc(469)] failed to stat report
[0715/204426.626:ERROR:crash_report_database_win.cc(469)] failed to stat report
[0715/204426.626:ERROR:crash_report_database_win.cc(469)] failed to stat report
[0715/205926.626:ERROR:crash_report_database_win.cc(469)] failed to stat report
[0715/205926.627:ERROR:crash_report_database_win.cc(469)] failed to stat report
[0715/205926.627:ERROR:crash_report_database_win.cc(469)] failed to stat report
[0715/205926.627:ERROR:crash_report_database_win.cc(469)] failed to stat report
[0715/205926.627:ERROR:crash_report_database_win.cc(469)] failed to stat report
[0715/205926.627:ERROR:crash_report_database_win.cc(469)] failed to stat report
[0715/205926.627:ERROR:crash_report_database_win.cc(469)] failed to stat report
[0715/205926.627:ERROR:crash_report_database_win.cc(469)] failed to stat report
[0715/205926.627:ERROR:crash_report_database_win.cc(469)] failed to stat report
[0715/205926.627:ERROR:crash_report_database_win.cc(469)] failed to stat report
[0715/211426.628:ERROR:crash_report_database_win.cc(469)] failed to stat report
[0715/211426.628:ERROR:crash_report_database_win.cc(469)] failed to stat report
[0715/211426.629:ERROR:crash_report_database_win.cc(469)] failed to stat report
[0715/211426.629:ERROR:crash_report_database_win.cc(469)] failed to stat report
[0715/211426.629:ERROR:crash_report_database_win.cc(469)] failed to stat report
[0715/211426.629:ERROR:crash_report_database_win.cc(469)] failed to stat report
[0715/211426.629:ERROR:crash_report_database_win.cc(469)] failed to stat report
[0715/211426.629:ERROR:crash_report_database_win.cc(469)] failed to stat report
[0715/211426.629:ERROR:crash_report_database_win.cc(469)] failed to stat report
[0715/211426.629:ERROR:crash_report_database_win.cc(469)] failed to stat report
[0715/212926.631:ERROR:crash_report_database_win.cc(469)] failed to stat report
[0715/212926.631:ERROR:crash_report_database_win.cc(469)] failed to stat report
[0715/212926.632:ERROR:crash_report_database_win.cc(469)] failed to stat report
[0715/212926.632:ERROR:crash_report_database_win.cc(469)] failed to stat report
[0715/212926.632:ERROR:crash_report_database_win.cc(469)] failed to stat report
[0715/212926.633:ERROR:crash_report_database_win.cc(469)] failed to stat report
[0715/212926.633:ERROR:crash_report_database_win.cc(469)] failed to stat report
[0715/212926.633:ERROR:crash_report_database_win.cc(469)] failed to stat report
[0715/212926.633:ERROR:crash_report_database_win.cc(469)] failed to stat report
[0715/212926.633:ERROR:crash_report_database_win.cc(469)] failed to stat report
[0715/214426.637:ERROR:crash_report_database_win.cc(469)] failed to stat report
[0715/214426.637:ERROR:crash_report_database_win.cc(469)] failed to stat report
[0715/214426.637:ERROR:crash_report_database_win.cc(469)] failed to stat report
[0715/214426.637:ERROR:crash_report_database_win.cc(469)] failed to stat report
[0715/214426.638:ERROR:crash_report_database_win.cc(469)] failed to stat report
[0715/214426.638:ERROR:crash_report_database_win.cc(469)] failed to stat report
[0715/214426.638:ERROR:crash_report_database_win.cc(469)] failed to stat report
[0715/214426.638:ERROR:crash_report_database_win.cc(469)] failed to stat report
[0715/214426.638:ERROR:crash_report_database_win.cc(469)] failed to stat report
[0715/214426.638:ERROR:crash_report_database_win.cc(469)] failed to stat report
[0715/215928.586:ERROR:crash_report_database_win.cc(469)] failed to stat report
[0715/215928.587:ERROR:crash_report_database_win.cc(469)] failed to stat report
[0715/215928.587:ERROR:crash_report_database_win.cc(469)] failed to stat report
[0715/215928.587:ERROR:crash_report_database_win.cc(469)] failed to stat report
[0715/215928.588:ERROR:crash_report_database_win.cc(469)] failed to stat report
[0715/215928.588:ERROR:crash_report_database_win.cc(469)] failed to stat report
[0715/215928.588:ERROR:crash_report_database_win.cc(469)] failed to stat report
[0715/215928.588:ERROR:crash_report_database_win.cc(469)] failed to stat report
[0715/215928.588:ERROR:crash_report_database_win.cc(469)] failed to stat report
[0715/215928.589:ERROR:crash_report_database_win.cc(469)] failed to stat report
[0715/234030.491:ERROR:crash_report_database_win.cc(469)] failed to stat report
[0715/234030.491:ERROR:crash_report_database_win.cc(469)] failed to stat report
[0715/234030.491:ERROR:crash_report_database_win.cc(469)] failed to stat report
[0715/234030.491:ERROR:crash_report_database_win.cc(469)] failed to stat report
[0715/234030.491:ERROR:crash_report_database_win.cc(469)] failed to stat report
[0715/234030.491:ERROR:crash_report_database_win.cc(469)] failed to stat report
[0715/234030.491:ERROR:crash_report_database_win.cc(469)] failed to stat report
[0715/234030.491:ERROR:crash_report_database_win.cc(469)] failed to stat report
[0715/234030.491:ERROR:crash_report_database_win.cc(469)] failed to stat report
[0715/234030.491:ERROR:crash_report_database_win.cc(469)] failed to stat report
[0715/235530.491:ERROR:crash_report_database_win.cc(469)] failed to stat report
[0715/235530.492:ERROR:crash_report_database_win.cc(469)] failed to stat report
[0715/235530.492:ERROR:crash_report_database_win.cc(469)] failed to stat report
[0715/235530.492:ERROR:crash_report_database_win.cc(469)] failed to stat report
[0715/235530.492:ERROR:crash_report_database_win.cc(469)] failed to stat report
[0715/235530.492:ERROR:crash_report_database_win.cc(469)] failed to stat report
[0715/235530.492:ERROR:crash_report_database_win.cc(469)] failed to stat report
[0715/235530.492:ERROR:crash_report_database_win.cc(469)] failed to stat report
[0715/235530.492:ERROR:crash_report_database_win.cc(469)] failed to stat report
[0715/235530.492:ERROR:crash_report_database_win.cc(469)] failed to stat report
[0716/001030.781:ERROR:crash_report_database_win.cc(469)] failed to stat report
[0716/001030.928:ERROR:crash_report_database_win.cc(469)] failed to stat report
[0716/001031.098:ERROR:crash_report_database_win.cc(469)] failed to stat report
[0716/001031.173:ERROR:crash_report_database_win.cc(469)] failed to stat report
[0716/001031.271:ERROR:crash_report_database_win.cc(469)] failed to stat report
[0716/001031.411:ERROR:crash_report_database_win.cc(469)] failed to stat report
[0716/001031.411:ERROR:crash_report_database_win.cc(469)] failed to stat report
[0716/001031.549:ERROR:crash_report_database_win.cc(469)] failed to stat report
[0716/001031.549:ERROR:crash_report_database_win.cc(469)] failed to stat report
[0716/001031.549:ERROR:crash_report_database_win.cc(469)] failed to stat report
[0716/002531.591:ERROR:crash_report_database_win.cc(469)] failed to stat report
[0716/002531.591:ERROR:crash_report_database_win.cc(469)] failed to stat report
[0716/002531.591:ERROR:crash_report_database_win.cc(469)] failed to stat report
[0716/002531.591:ERROR:crash_report_database_win.cc(469)] failed to stat report
[0716/002531.591:ERROR:crash_report_database_win.cc(469)] failed to stat report
[0716/002531.591:ERROR:crash_report_database_win.cc(469)] failed to stat report
[0716/002531.591:ERROR:crash_report_database_win.cc(469)] failed to stat report
[0716/002531.723:ERROR:crash_report_database_win.cc(469)] failed to stat report
[0716/002531.861:ERROR:crash_report_database_win.cc(469)] failed to stat report
[0716/002531.993:ERROR:crash_report_database_win.cc(469)] failed to stat report
[0716/002753.655:ERROR:process_reader_win.cc(123)] NtOpenThread: {Acesso Negado} Um processo solicitou acesso a um objeto, mas o direito de acesso não lhe foi concedido. (0xc0000022)
[0716/002753.897:ERROR:exception_snapshot_win.cc(98)] thread ID 3340 not found in process
[0716/002753.866:ERROR:process_reader_win.cc(123)] NtOpenThread: {Acesso Negado} Um processo solicitou acesso a um objeto, mas o direito de acesso não lhe foi concedido. (0xc0000022)
[0716/002754.173:ERROR:exception_snapshot_win.cc(98)] thread ID 3196 not found in process
[0716/002753.655:ERROR:process_reader_win.cc(123)] NtOpenThread: {Acesso Negado} Um processo solicitou acesso a um objeto, mas o direito de acesso não lhe foi concedido. (0xc0000022)
[0716/002754.174:ERROR:exception_snapshot_win.cc(98)] thread ID 6588 not found in process
[0716/002753.651:ERROR:process_reader_win.cc(123)] NtOpenThread: {Acesso Negado} Um processo solicitou acesso a um objeto, mas o direito de acesso não lhe foi concedido. (0xc0000022)
[0716/002754.535:ERROR:exception_snapshot_win.cc(98)] thread ID 13352 not found in process
[0716/002753.655:ERROR:process_reader_win.cc(123)] NtOpenThread: {Acesso Negado} Um processo solicitou acesso a um objeto, mas o direito de acesso não lhe foi concedido. (0xc0000022)
[0716/002754.535:ERROR:exception_snapshot_win.cc(98)] thread ID 1116 not found in process
[0716/002753.865:ERROR:process_reader_win.cc(123)] NtOpenThread: {Acesso Negado} Um processo solicitou acesso a um objeto, mas o direito de acesso não lhe foi concedido. (0xc0000022)
[0716/002754.840:ERROR:exception_snapshot_win.cc(98)] thread ID 17528 not found in process
[0716/002753.836:ERROR:process_reader_win.cc(123)] NtOpenThread: {Acesso Negado} Um processo solicitou acesso a um objeto, mas o direito de acesso não lhe foi concedido. (0xc0000022)
[0716/002755.181:ERROR:exception_snapshot_win.cc(98)] thread ID 4088 not found in process
[0716/002753.865:ERROR:process_reader_win.cc(123)] NtOpenThread: {Acesso Negado} Um processo solicitou acesso a um objeto, mas o direito de acesso não lhe foi concedido. (0xc0000022)
[0716/002755.340:ERROR:exception_snapshot_win.cc(98)] thread ID 4936 not found in process
[0716/002753.634:ERROR:process_reader_win.cc(123)] NtOpenThread: {Acesso Negado} Um processo solicitou acesso a um objeto, mas o direito de acesso não lhe foi concedido. (0xc0000022)
[0716/002755.610:ERROR:exception_snapshot_win.cc(98)] thread ID 1680 not found in process
[0716/002753.630:ERROR:process_reader_win.cc(123)] NtOpenThread: {Acesso Negado} Um processo solicitou acesso a um objeto, mas o direito de acesso não lhe foi concedido. (0xc0000022)
[0716/002755.762:ERROR:exception_snapshot_win.cc(98)] thread ID 13760 not found in process
[0716/002753.863:ERROR:process_reader_win.cc(123)] NtOpenThread: {Acesso Negado} Um processo solicitou acesso a um objeto, mas o direito de acesso não lhe foi concedido. (0xc0000022)
[0716/002755.815:ERROR:exception_snapshot_win.cc(98)] thread ID 13752 not found in process
[0716/002753.837:ERROR:process_reader_win.cc(123)] NtOpenThread: {Acesso Negado} Um processo solicitou acesso a um objeto, mas o direito de acesso não lhe foi concedido. (0xc0000022)
[0716/002756.055:ERROR:exception_snapshot_win.cc(98)] thread ID 5020 not found in process
[0716/002753.620:ERROR:process_reader_win.cc(123)] NtOpenThread: {Acesso Negado} Um processo solicitou acesso a um objeto, mas o direito de acesso não lhe foi concedido. (0xc0000022)
[0716/002756.236:ERROR:exception_snapshot_win.cc(98)] thread ID 19364 not found in process
[0716/002753.840:ERROR:process_reader_win.cc(123)] NtOpenThread: {Acesso Negado} Um processo solicitou acesso a um objeto, mas o direito de acesso não lhe foi concedido. (0xc0000022)
[0716/002756.384:ERROR:exception_snapshot_win.cc(98)] thread ID 6568 not found in process
[0716/002753.902:ERROR:process_reader_win.cc(123)] NtOpenThread: {Acesso Negado} Um processo solicitou acesso a um objeto, mas o direito de acesso não lhe foi concedido. (0xc0000022)
[0716/002756.385:ERROR:exception_snapshot_win.cc(98)] thread ID 5016 not found in process
[0716/002753.835:ERROR:process_reader_win.cc(123)] NtOpenThread: {Acesso Negado} Um processo solicitou acesso a um objeto, mas o direito de acesso não lhe foi concedido. (0xc0000022)
[0716/002756.617:ERROR:exception_snapshot_win.cc(98)] thread ID 6072 not found in process
[0716/002753.617:ERROR:process_reader_win.cc(123)] NtOpenThread: {Acesso Negado} Um processo solicitou acesso a um objeto, mas o direito de acesso não lhe foi concedido. (0xc0000022)
[0716/002756.807:ERROR:exception_snapshot_win.cc(98)] thread ID 6148 not found in process
[0716/002753.625:ERROR:process_reader_win.cc(123)] NtOpenThread: {Acesso Negado} Um processo solicitou acesso a um objeto, mas o direito de acesso não lhe foi concedido. (0xc0000022)
[0716/002756.934:ERROR:exception_snapshot_win.cc(98)] thread ID 2392 not found in process
[0716/151613.734:ERROR:crash_report_database_win.cc(469)] failed to stat report
[0716/151613.742:ERROR:crash_report_database_win.cc(469)] failed to stat report
[0716/151613.742:ERROR:crash_report_database_win.cc(469)] failed to stat report
[0716/151613.742:ERROR:crash_report_database_win.cc(469)] failed to stat report
[0716/151613.742:ERROR:crash_report_database_win.cc(469)] failed to stat report
[0716/151613.747:ERROR:crash_report_database_win.cc(469)] failed to stat report
[0716/151613.747:ERROR:crash_report_database_win.cc(469)] failed to stat report
[0716/151613.747:ERROR:crash_report_database_win.cc(469)] failed to stat report
[0716/151613.747:ERROR:crash_report_database_win.cc(469)] failed to stat report
[0716/151613.747:ERROR:crash_report_database_win.cc(469)] failed to stat report
[0717/142207.825:ERROR:crash_report_database_win.cc(469)] failed to stat report
[0717/142207.825:ERROR:crash_report_database_win.cc(469)] failed to stat report
[0717/142207.825:ERROR:crash_report_database_win.cc(469)] failed to stat report
[0717/142207.825:ERROR:crash_report_database_win.cc(469)] failed to stat report
[0717/142207.825:ERROR:crash_report_database_win.cc(469)] failed to stat report
[0717/142207.825:ERROR:crash_report_database_win.cc(469)] failed to stat report
[0717/142207.825:ERROR:crash_report_database_win.cc(469)] failed to stat report
[0717/142207.825:ERROR:crash_report_database_win.cc(469)] failed to stat report
[0717/142207.825:ERROR:crash_report_database_win.cc(469)] failed to stat report
[0717/142207.825:ERROR:crash_report_database_win.cc(469)] failed to stat report
[0718/194259.968:ERROR:crash_report_database_win.cc(469)] failed to stat report
[0718/194259.982:ERROR:crash_report_database_win.cc(469)] failed to stat report
[0718/194259.982:ERROR:crash_report_database_win.cc(469)] failed to stat report
[0718/194259.982:ERROR:crash_report_database_win.cc(469)] failed to stat report
[0718/194259.982:ERROR:crash_report_database_win.cc(469)] failed to stat report
[0718/194259.982:ERROR:crash_report_database_win.cc(469)] failed to stat report
[0718/194259.982:ERROR:crash_report_database_win.cc(469)] failed to stat report
[0718/194259.982:ERROR:crash_report_database_win.cc(469)] failed to stat report
[0718/194259.982:ERROR:crash_report_database_win.cc(469)] failed to stat report
[0718/194259.982:ERROR:crash_report_database_win.cc(469)] failed to stat report
[0718/195259.983:ERROR:crash_report_database_win.cc(469)] failed to stat report
[0718/195259.983:ERROR:crash_report_database_win.cc(469)] failed to stat report
[0718/195259.983:ERROR:crash_report_database_win.cc(469)] failed to stat report
[0718/195259.983:ERROR:crash_report_database_win.cc(469)] failed to stat report
[0718/195259.983:ERROR:crash_report_database_win.cc(469)] failed to stat report
[0718/195259.983:ERROR:crash_report_database_win.cc(469)] failed to stat report
[0718/195259.983:ERROR:crash_report_database_win.cc(469)] failed to stat report
[0718/195259.983:ERROR:crash_report_database_win.cc(469)] failed to stat report
[0718/195259.983:ERROR:crash_report_database_win.cc(469)] failed to stat report
[0718/195259.983:ERROR:crash_report_database_win.cc(469)] failed to stat report
[0718/195259.983:ERROR:crash_report_database_win.cc(469)] failed to stat report
[0718/195259.983:ERROR:crash_report_database_win.cc(469)] failed to stat report
[0718/195259.983:ERROR:crash_report_database_win.cc(469)] failed to stat report
[0718/195259.983:ERROR:crash_report_database_win.cc(469)] failed to stat report
[0718/195259.983:ERROR:crash_report_database_win.cc(469)] failed to stat report
[0718/195259.983:ERROR:crash_report_database_win.cc(469)] failed to stat report
[0718/195259.983:ERROR:crash_report_database_win.cc(469)] failed to stat report
[0718/195259.983:ERROR:crash_report_database_win.cc(469)] failed to stat report
[0718/195259.983:ERROR:crash_report_database_win.cc(469)] failed to stat report
[0718/195259.983:ERROR:crash_report_database_win.cc(469)] failed to stat report
[0718/195759.986:ERROR:crash_report_database_win.cc(469)] failed to stat report
[0718/195759.988:ERROR:crash_report_database_win.cc(469)] failed to stat report
[0718/195759.988:ERROR:crash_report_database_win.cc(469)] failed to stat report
[0718/195759.988:ERROR:crash_report_database_win.cc(469)] failed to stat report
[0718/195759.990:ERROR:crash_report_database_win.cc(469)] failed to stat report
[0718/195759.990:ERROR:crash_report_database_win.cc(469)] failed to stat report
[0718/195759.990:ERROR:crash_report_database_win.cc(469)] failed to stat report
[0718/195759.990:ERROR:crash_report_database_win.cc(469)] failed to stat report
[0718/195759.990:ERROR:crash_report_database_win.cc(469)] failed to stat report
[0718/195759.990:ERROR:crash_report_database_win.cc(469)] failed to stat report
[0718/201300.002:ERROR:crash_report_database_win.cc(469)] failed to stat report
[0718/201300.002:ERROR:crash_report_database_win.cc(469)] failed to stat report
[0718/201300.002:ERROR:crash_report_database_win.cc(469)] failed to stat report
[0718/201300.002:ERROR:crash_report_database_win.cc(469)] failed to stat report
[0718/201300.002:ERROR:crash_report_database_win.cc(469)] failed to stat report
[0718/201300.002:ERROR:crash_report_database_win.cc(469)] failed to stat report
[0718/201300.002:ERROR:crash_report_database_win.cc(469)] failed to stat report
[0718/201300.002:ERROR:crash_report_database_win.cc(469)] failed to stat report
[0718/201300.002:ERROR:crash_report_database_win.cc(469)] failed to stat report
[0718/201300.002:ERROR:crash_report_database_win.cc(469)] failed to stat report
[0718/202800.014:ERROR:crash_report_database_win.cc(469)] failed to stat report
[0718/202800.014:ERROR:crash_report_database_win.cc(469)] failed to stat report
[0718/202800.014:ERROR:crash_report_database_win.cc(469)] failed to stat report
[0718/202800.014:ERROR:crash_report_database_win.cc(469)] failed to stat report
[0718/202800.014:ERROR:crash_report_database_win.cc(469)] failed to stat report
[0718/202800.014:ERROR:crash_report_database_win.cc(469)] failed to stat report
[0718/202800.014:ERROR:crash_report_database_win.cc(469)] failed to stat report
[0718/202800.014:ERROR:crash_report_database_win.cc(469)] failed to stat report
[0718/202800.014:ERROR:crash_report_database_win.cc(469)] failed to stat report
[0718/202800.014:ERROR:crash_report_database_win.cc(469)] failed to stat report
[0718/204300.026:ERROR:crash_report_database_win.cc(469)] failed to stat report
[0718/204300.026:ERROR:crash_report_database_win.cc(469)] failed to stat report
[0718/204300.026:ERROR:crash_report_database_win.cc(469)] failed to stat report
[0718/204300.026:ERROR:crash_report_database_win.cc(469)] failed to stat report
[0718/204300.026:ERROR:crash_report_database_win.cc(469)] failed to stat report
[0718/204300.026:ERROR:crash_report_database_win.cc(469)] failed to stat report
[0718/204300.026:ERROR:crash_report_database_win.cc(469)] failed to stat report
[0718/204300.026:ERROR:crash_report_database_win.cc(469)] failed to stat report
[0718/204300.026:ERROR:crash_report_database_win.cc(469)] failed to stat report
[0718/204300.026:ERROR:crash_report_database_win.cc(469)] failed to stat report
[0718/205800.032:ERROR:crash_report_database_win.cc(469)] failed to stat report
[0718/205800.032:ERROR:crash_report_database_win.cc(469)] failed to stat report
[0718/205800.032:ERROR:crash_report_database_win.cc(469)] failed to stat report
[0718/205800.032:ERROR:crash_report_database_win.cc(469)] failed to stat report
[0718/205800.032:ERROR:crash_report_database_win.cc(469)] failed to stat report
[0718/205800.032:ERROR:crash_report_database_win.cc(469)] failed to stat report
[0718/205800.032:ERROR:crash_report_database_win.cc(469)] failed to stat report
[0718/205800.032:ERROR:crash_report_database_win.cc(469)] failed to stat report
[0718/205800.032:ERROR:crash_report_database_win.cc(469)] failed to stat report
[0718/205800.032:ERROR:crash_report_database_win.cc(469)] failed to stat report
[0718/211300.033:ERROR:crash_report_database_win.cc(469)] failed to stat report
[0718/211300.033:ERROR:crash_report_database_win.cc(469)] failed to stat report
[0718/211300.033:ERROR:crash_report_database_win.cc(469)] failed to stat report
[0718/211300.033:ERROR:crash_report_database_win.cc(469)] failed to stat report
[0718/211300.033:ERROR:crash_report_database_win.cc(469)] failed to stat report
[0718/211300.034:ERROR:crash_report_database_win.cc(469)] failed to stat report
[0718/211300.034:ERROR:crash_report_database_win.cc(469)] failed to stat report
[0718/211300.034:ERROR:crash_report_database_win.cc(469)] failed to stat report
[0718/211300.035:ERROR:crash_report_database_win.cc(469)] failed to stat report
[0718/211300.035:ERROR:crash_report_database_win.cc(469)] failed to stat report
[0718/212800.049:ERROR:crash_report_database_win.cc(469)] failed to stat report
[0718/212800.049:ERROR:crash_report_database_win.cc(469)] failed to stat report
[0718/212800.049:ERROR:crash_report_database_win.cc(469)] failed to stat report
[0718/212800.049:ERROR:crash_report_database_win.cc(469)] failed to stat report
[0718/212800.049:ERROR:crash_report_database_win.cc(469)] failed to stat report
[0718/212800.049:ERROR:crash_report_database_win.cc(469)] failed to stat report
[0718/212800.050:ERROR:crash_report_database_win.cc(469)] failed to stat report
[0718/212800.050:ERROR:crash_report_database_win.cc(469)] failed to stat report
[0718/212800.050:ERROR:crash_report_database_win.cc(469)] failed to stat report
[0718/212800.050:ERROR:crash_report_database_win.cc(469)] failed to stat report
[0718/214300.064:ERROR:crash_report_database_win.cc(469)] failed to stat report
[0718/214300.064:ERROR:crash_report_database_win.cc(469)] failed to stat report
[0718/214300.064:ERROR:crash_report_database_win.cc(469)] failed to stat report
[0718/214300.064:ERROR:crash_report_database_win.cc(469)] failed to stat report
[0718/214300.064:ERROR:crash_report_database_win.cc(469)] failed to stat report
[0718/214300.064:ERROR:crash_report_database_win.cc(469)] failed to stat report
[0718/214300.064:ERROR:crash_report_database_win.cc(469)] failed to stat report
[0718/214300.064:ERROR:crash_report_database_win.cc(469)] failed to stat report
[0718/214300.064:ERROR:crash_report_database_win.cc(469)] failed to stat report
[0718/214300.064:ERROR:crash_report_database_win.cc(469)] failed to stat report
[0718/215800.066:ERROR:crash_report_database_win.cc(469)] failed to stat report
[0718/215800.066:ERROR:crash_report_database_win.cc(469)] failed to stat report
[0718/215800.066:ERROR:crash_report_database_win.cc(469)] failed to stat report
[0718/215800.066:ERROR:crash_report_database_win.cc(469)] failed to stat report
[0718/215800.066:ERROR:crash_report_database_win.cc(469)] failed to stat report
[0718/215800.066:ERROR:crash_report_database_win.cc(469)] failed to stat report
[0718/215800.066:ERROR:crash_report_database_win.cc(469)] failed to stat report
[0718/215800.066:ERROR:crash_report_database_win.cc(469)] failed to stat report
[0718/215800.066:ERROR:crash_report_database_win.cc(469)] failed to stat report
[0718/215800.067:ERROR:crash_report_database_win.cc(469)] failed to stat report
[0718/221300.080:ERROR:crash_report_database_win.cc(469)] failed to stat report
[0718/221300.080:ERROR:crash_report_database_win.cc(469)] failed to stat report
[0718/221300.080:ERROR:crash_report_database_win.cc(469)] failed to stat report
[0718/221300.080:ERROR:crash_report_database_win.cc(469)] failed to stat report
[0718/221300.080:ERROR:crash_report_database_win.cc(469)] failed to stat report
[0718/221300.080:ERROR:crash_report_database_win.cc(469)] failed to stat report
[0718/221300.080:ERROR:crash_report_database_win.cc(469)] failed to stat report
[0718/221300.080:ERROR:crash_report_database_win.cc(469)] failed to stat report
[0718/221300.080:ERROR:crash_report_database_win.cc(469)] failed to stat report
[0718/221300.080:ERROR:crash_report_database_win.cc(469)] failed to stat report
[0718/222800.080:ERROR:crash_report_database_win.cc(469)] failed to stat report
[0718/222800.080:ERROR:crash_report_database_win.cc(469)] failed to stat report
[0718/222800.080:ERROR:crash_report_database_win.cc(469)] failed to stat report
[0718/222800.080:ERROR:crash_report_database_win.cc(469)] failed to stat report
[0718/222800.080:ERROR:crash_report_database_win.cc(469)] failed to stat report
[0718/222800.080:ERROR:crash_report_database_win.cc(469)] failed to stat report
[0718/222800.080:ERROR:crash_report_database_win.cc(469)] failed to stat report
[0718/222800.080:ERROR:crash_report_database_win.cc(469)] failed to stat report
[0718/222800.080:ERROR:crash_report_database_win.cc(469)] failed to stat report
[0718/222800.080:ERROR:crash_report_database_win.cc(469)] failed to stat report
[0718/224300.081:ERROR:crash_report_database_win.cc(469)] failed to stat report
[0718/224300.081:ERROR:crash_report_database_win.cc(469)] failed to stat report
[0718/224300.082:ERROR:crash_report_database_win.cc(469)] failed to stat report
[0718/224300.082:ERROR:crash_report_database_win.cc(469)] failed to stat report
[0718/224300.082:ERROR:crash_report_database_win.cc(469)] failed to stat report
[0718/224300.082:ERROR:crash_report_database_win.cc(469)] failed to stat report
[0718/224300.082:ERROR:crash_report_database_win.cc(469)] failed to stat report
[0718/224300.082:ERROR:crash_report_database_win.cc(469)] failed to stat report
[0718/224300.082:ERROR:crash_report_database_win.cc(469)] failed to stat report
[0718/224300.082:ERROR:crash_report_database_win.cc(469)] failed to stat report
[0718/225800.082:ERROR:crash_report_database_win.cc(469)] failed to stat report
[0718/225800.082:ERROR:crash_report_database_win.cc(469)] failed to stat report
[0718/225800.082:ERROR:crash_report_database_win.cc(469)] failed to stat report
[0718/225800.083:ERROR:crash_report_database_win.cc(469)] failed to stat report
[0718/225800.083:ERROR:crash_report_database_win.cc(469)] failed to stat report
[0718/225800.083:ERROR:crash_report_database_win.cc(469)] failed to stat report
[0718/225800.083:ERROR:crash_report_database_win.cc(469)] failed to stat report
[0718/225800.083:ERROR:crash_report_database_win.cc(469)] failed to stat report
[0718/225800.083:ERROR:crash_report_database_win.cc(469)] failed to stat report
[0718/225800.083:ERROR:crash_report_database_win.cc(469)] failed to stat report
[0718/231300.095:ERROR:crash_report_database_win.cc(469)] failed to stat report
[0718/231300.096:ERROR:crash_report_database_win.cc(469)] failed to stat report
[0718/231300.096:ERROR:crash_report_database_win.cc(469)] failed to stat report
[0718/231300.096:ERROR:crash_report_database_win.cc(469)] failed to stat report
[0718/231300.096:ERROR:crash_report_database_win.cc(469)] failed to stat report
[0718/231300.096:ERROR:crash_report_database_win.cc(469)] failed to stat report
[0718/231300.096:ERROR:crash_report_database_win.cc(469)] failed to stat report
[0718/231300.096:ERROR:crash_report_database_win.cc(469)] failed to stat report
[0718/231300.096:ERROR:crash_report_database_win.cc(469)] failed to stat report
[0718/231300.096:ERROR:crash_report_database_win.cc(469)] failed to stat report
[0718/232800.101:ERROR:crash_report_database_win.cc(469)] failed to stat report
[0718/232800.102:ERROR:crash_report_database_win.cc(469)] failed to stat report
[0718/232800.103:ERROR:crash_report_database_win.cc(469)] failed to stat report
[0718/232800.106:ERROR:crash_report_database_win.cc(469)] failed to stat report
[0718/232800.107:ERROR:crash_report_database_win.cc(469)] failed to stat report
[0718/232800.107:ERROR:crash_report_database_win.cc(469)] failed to stat report
[0718/232800.108:ERROR:crash_report_database_win.cc(469)] failed to stat report
[0718/232800.108:ERROR:crash_report_database_win.cc(469)] failed to stat report
[0718/232800.109:ERROR:crash_report_database_win.cc(469)] failed to stat report
[0718/232800.109:ERROR:crash_report_database_win.cc(469)] failed to stat report
[0718/234300.127:ERROR:crash_report_database_win.cc(469)] failed to stat report
[0718/234300.127:ERROR:crash_report_database_win.cc(469)] failed to stat report
[0718/234300.127:ERROR:crash_report_database_win.cc(469)] failed to stat report
[0718/234300.127:ERROR:crash_report_database_win.cc(469)] failed to stat report
[0718/234300.127:ERROR:crash_report_database_win.cc(469)] failed to stat report
[0718/234300.127:ERROR:crash_report_database_win.cc(469)] failed to stat report
[0718/234300.127:ERROR:crash_report_database_win.cc(469)] failed to stat report
[0718/234300.127:ERROR:crash_report_database_win.cc(469)] failed to stat report
[0718/234300.127:ERROR:crash_report_database_win.cc(469)] failed to stat report
[0718/234300.127:ERROR:crash_report_database_win.cc(469)] failed to stat report
[0719/140120.698:ERROR:crash_report_database_win.cc(469)] failed to stat report
[0719/140120.703:ERROR:crash_report_database_win.cc(469)] failed to stat report
[0719/140120.703:ERROR:crash_report_database_win.cc(469)] failed to stat report
[0719/140120.703:ERROR:crash_report_database_win.cc(469)] failed to stat report
[0719/140120.703:ERROR:crash_report_database_win.cc(469)] failed to stat report
[0719/140120.703:ERROR:crash_report_database_win.cc(469)] failed to stat report
[0719/140120.703:ERROR:crash_report_database_win.cc(469)] failed to stat report
[0719/140120.703:ERROR:crash_report_database_win.cc(469)] failed to stat report
[0719/140120.703:ERROR:crash_report_database_win.cc(469)] failed to stat report
[0719/140120.703:ERROR:crash_report_database_win.cc(469)] failed to stat report
[0719/140507.289:ERROR:crash_report_database_win.cc(469)] failed to stat report
[0719/140507.290:ERROR:crash_report_database_win.cc(469)] failed to stat report
[0719/140507.290:ERROR:crash_report_database_win.cc(469)] failed to stat report
[0719/140507.290:ERROR:crash_report_database_win.cc(469)] failed to stat report
[0719/140507.290:ERROR:crash_report_database_win.cc(469)] failed to stat report
[0719/140507.290:ERROR:crash_report_database_win.cc(469)] failed to stat report
[0719/140507.290:ERROR:crash_report_database_win.cc(469)] failed to stat report
[0719/140507.291:ERROR:crash_report_database_win.cc(469)] failed to stat report
[0719/140507.291:ERROR:crash_report_database_win.cc(469)] failed to stat report
[0719/140507.291:ERROR:crash_report_database_win.cc(469)] failed to stat report
[0719/142007.293:ERROR:crash_report_database_win.cc(469)] failed to stat report
[0719/142007.293:ERROR:crash_report_database_win.cc(469)] failed to stat report
[0719/142007.293:ERROR:crash_report_database_win.cc(469)] failed to stat report
[0719/142007.293:ERROR:crash_report_database_win.cc(469)] failed to stat report
[0719/142007.293:ERROR:crash_report_database_win.cc(469)] failed to stat report
[0719/142007.293:ERROR:crash_report_database_win.cc(469)] failed to stat report
[0719/142007.293:ERROR:crash_report_database_win.cc(469)] failed to stat report
[0719/142007.293:ERROR:crash_report_database_win.cc(469)] failed to stat report
[0719/142007.293:ERROR:crash_report_database_win.cc(469)] failed to stat report
[0719/142007.293:ERROR:crash_report_database_win.cc(469)] failed to stat report
[0719/143507.297:ERROR:crash_report_database_win.cc(469)] failed to stat report
[0719/143507.297:ERROR:crash_report_database_win.cc(469)] failed to stat report
[0719/143507.298:ERROR:crash_report_database_win.cc(469)] failed to stat report
[0719/143507.298:ERROR:crash_report_database_win.cc(469)] failed to stat report
[0719/143507.298:ERROR:crash_report_database_win.cc(469)] failed to stat report
[0719/143507.298:ERROR:crash_report_database_win.cc(469)] failed to stat report
[0719/143507.299:ERROR:crash_report_database_win.cc(469)] failed to stat report
[0719/143507.299:ERROR:crash_report_database_win.cc(469)] failed to stat report
[0719/143507.299:ERROR:crash_report_database_win.cc(469)] failed to stat report
[0719/143507.299:ERROR:crash_report_database_win.cc(469)] failed to stat report
[0719/145007.314:ERROR:crash_report_database_win.cc(469)] failed to stat report
[0719/145007.314:ERROR:crash_report_database_win.cc(469)] failed to stat report
[0719/145007.314:ERROR:crash_report_database_win.cc(469)] failed to stat report
[0719/145007.314:ERROR:crash_report_database_win.cc(469)] failed to stat report
[0719/145007.314:ERROR:crash_report_database_win.cc(469)] failed to stat report
[0719/145007.314:ERROR:crash_report_database_win.cc(469)] failed to stat report
[0719/145007.314:ERROR:crash_report_database_win.cc(469)] failed to stat report
[0719/145007.314:ERROR:crash_report_database_win.cc(469)] failed to stat report
[0719/145007.314:ERROR:crash_report_database_win.cc(469)] failed to stat report
[0719/145007.314:ERROR:crash_report_database_win.cc(469)] failed to stat report
[0719/150507.319:ERROR:crash_report_database_win.cc(469)] failed to stat report
[0719/150507.319:ERROR:crash_report_database_win.cc(469)] failed to stat report
[0719/150507.319:ERROR:crash_report_database_win.cc(469)] failed to stat report
[0719/150507.319:ERROR:crash_report_database_win.cc(469)] failed to stat report
[0719/150507.319:ERROR:crash_report_database_win.cc(469)] failed to stat report
[0719/150507.319:ERROR:crash_report_database_win.cc(469)] failed to stat report
[0719/150507.319:ERROR:crash_report_database_win.cc(469)] failed to stat report
[0719/150507.319:ERROR:crash_report_database_win.cc(469)] failed to stat report
[0719/150507.319:ERROR:crash_report_database_win.cc(469)] failed to stat report
[0719/150507.319:ERROR:crash_report_database_win.cc(469)] failed to stat report
[0719/152007.333:ERROR:crash_report_database_win.cc(469)] failed to stat report
[0719/152007.333:ERROR:crash_report_database_win.cc(469)] failed to stat report
[0719/152007.333:ERROR:crash_report_database_win.cc(469)] failed to stat report
[0719/152007.333:ERROR:crash_report_database_win.cc(469)] failed to stat report
[0719/152007.333:ERROR:crash_report_database_win.cc(469)] failed to stat report
[0719/152007.333:ERROR:crash_report_database_win.cc(469)] failed to stat report
[0719/152007.333:ERROR:crash_report_database_win.cc(469)] failed to stat report
[0719/152007.333:ERROR:crash_report_database_win.cc(469)] failed to stat report
[0719/152007.333:ERROR:crash_report_database_win.cc(469)] failed to stat report
[0719/152007.333:ERROR:crash_report_database_win.cc(469)] failed to stat report
[0719/153507.337:ERROR:crash_report_database_win.cc(469)] failed to stat report
[0719/153507.337:ERROR:crash_report_database_win.cc(469)] failed to stat report
[0719/153507.337:ERROR:crash_report_database_win.cc(469)] failed to stat report
[0719/153507.337:ERROR:crash_report_database_win.cc(469)] failed to stat report
[0719/153507.337:ERROR:crash_report_database_win.cc(469)] failed to stat report
[0719/153507.337:ERROR:crash_report_database_win.cc(469)] failed to stat report
[0719/153507.337:ERROR:crash_report_database_win.cc(469)] failed to stat report
[0719/153507.337:ERROR:crash_report_database_win.cc(469)] failed to stat report
[0719/153507.337:ERROR:crash_report_database_win.cc(469)] failed to stat report
[0719/153507.337:ERROR:crash_report_database_win.cc(469)] failed to stat report
[0719/155007.341:ERROR:crash_report_database_win.cc(469)] failed to stat report
[0719/155007.341:ERROR:crash_report_database_win.cc(469)] failed to stat report
[0719/155007.341:ERROR:crash_report_database_win.cc(469)] failed to stat report
[0719/155007.341:ERROR:crash_report_database_win.cc(469)] failed to stat report
[0719/155007.341:ERROR:crash_report_database_win.cc(469)] failed to stat report
[0719/155007.341:ERROR:crash_report_database_win.cc(469)] failed to stat report
[0719/155007.341:ERROR:crash_report_database_win.cc(469)] failed to stat report
[0719/155007.341:ERROR:crash_report_database_win.cc(469)] failed to stat report
[0719/155007.341:ERROR:crash_report_database_win.cc(469)] failed to stat report
[0719/155007.341:ERROR:crash_report_database_win.cc(469)] failed to stat report
[0719/160507.357:ERROR:crash_report_database_win.cc(469)] failed to stat report
[0719/160507.357:ERROR:crash_report_database_win.cc(469)] failed to stat report
[0719/160507.357:ERROR:crash_report_database_win.cc(469)] failed to stat report
[0719/160507.357:ERROR:crash_report_database_win.cc(469)] failed to stat report
[0719/160507.357:ERROR:crash_report_database_win.cc(469)] failed to stat report
[0719/160507.357:ERROR:crash_report_database_win.cc(469)] failed to stat report
[0719/160507.357:ERROR:crash_report_database_win.cc(469)] failed to stat report
[0719/160507.357:ERROR:crash_report_database_win.cc(469)] failed to stat report
[0719/160507.357:ERROR:crash_report_database_win.cc(469)] failed to stat report
[0719/160507.357:ERROR:crash_report_database_win.cc(469)] failed to stat report
[0719/162007.362:ERROR:crash_report_database_win.cc(469)] failed to stat report
[0719/162007.362:ERROR:crash_report_database_win.cc(469)] failed to stat report
[0719/162007.362:ERROR:crash_report_database_win.cc(469)] failed to stat report
[0719/162007.362:ERROR:crash_report_database_win.cc(469)] failed to stat report
[0719/162007.362:ERROR:crash_report_database_win.cc(469)] failed to stat report
[0719/162007.362:ERROR:crash_report_database_win.cc(469)] failed to stat report
[0719/162007.362:ERROR:crash_report_database_win.cc(469)] failed to stat report
[0719/162007.362:ERROR:crash_report_database_win.cc(469)] failed to stat report
[0719/162007.362:ERROR:crash_report_database_win.cc(469)] failed to stat report
[0719/162007.362:ERROR:crash_report_database_win.cc(469)] failed to stat report
[0719/163507.365:ERROR:crash_report_database_win.cc(469)] failed to stat report
[0719/163507.365:ERROR:crash_report_database_win.cc(469)] failed to stat report
[0719/163507.365:ERROR:crash_report_database_win.cc(469)] failed to stat report
[0719/163507.365:ERROR:crash_report_database_win.cc(469)] failed to stat report
[0719/163507.365:ERROR:crash_report_database_win.cc(469)] failed to stat report
[0719/163507.365:ERROR:crash_report_database_win.cc(469)] failed to stat report
[0719/163507.365:ERROR:crash_report_database_win.cc(469)] failed to stat report
[0719/163507.365:ERROR:crash_report_database_win.cc(469)] failed to stat report
[0719/163507.369:ERROR:crash_report_database_win.cc(469)] failed to stat report
[0719/163507.369:ERROR:crash_report_database_win.cc(469)] failed to stat report
[0719/165007.377:ERROR:crash_report_database_win.cc(469)] failed to stat report
[0719/165007.377:ERROR:crash_report_database_win.cc(469)] failed to stat report
[0719/165007.377:ERROR:crash_report_database_win.cc(469)] failed to stat report
[0719/165007.377:ERROR:crash_report_database_win.cc(469)] failed to stat report
[0719/165007.377:ERROR:crash_report_database_win.cc(469)] failed to stat report
[0719/165007.377:ERROR:crash_report_database_win.cc(469)] failed to stat report
[0719/165007.377:ERROR:crash_report_database_win.cc(469)] failed to stat report
[0719/165007.377:ERROR:crash_report_database_win.cc(469)] failed to stat report
[0719/165007.377:ERROR:crash_report_database_win.cc(469)] failed to stat report
[0719/165007.379:ERROR:crash_report_database_win.cc(469)] failed to stat report
[0719/170507.392:ERROR:crash_report_database_win.cc(469)] failed to stat report
[0719/170507.392:ERROR:crash_report_database_win.cc(469)] failed to stat report
[0719/170507.392:ERROR:crash_report_database_win.cc(469)] failed to stat report
[0719/170507.392:ERROR:crash_report_database_win.cc(469)] failed to stat report
[0719/170507.392:ERROR:crash_report_database_win.cc(469)] failed to stat report
[0719/170507.392:ERROR:crash_report_database_win.cc(469)] failed to stat report
[0719/170507.392:ERROR:crash_report_database_win.cc(469)] failed to stat report
[0719/170507.392:ERROR:crash_report_database_win.cc(469)] failed to stat report
[0719/170507.392:ERROR:crash_report_database_win.cc(469)] failed to stat report
[0719/170507.392:ERROR:crash_report_database_win.cc(469)] failed to stat report
[0719/172007.397:ERROR:crash_report_database_win.cc(469)] failed to stat report
[0719/172007.397:ERROR:crash_report_database_win.cc(469)] failed to stat report
[0719/172007.397:ERROR:crash_report_database_win.cc(469)] failed to stat report
[0719/172007.397:ERROR:crash_report_database_win.cc(469)] failed to stat report
[0719/172007.397:ERROR:crash_report_database_win.cc(469)] failed to stat report
[0719/172007.397:ERROR:crash_report_database_win.cc(469)] failed to stat report
[0719/172007.397:ERROR:crash_report_database_win.cc(469)] failed to stat report
[0719/172007.397:ERROR:crash_report_database_win.cc(469)] failed to stat report
[0719/172007.397:ERROR:crash_report_database_win.cc(469)] failed to stat report
[0719/172007.397:ERROR:crash_report_database_win.cc(469)] failed to stat report
[0719/173507.642:ERROR:crash_report_database_win.cc(469)] failed to stat report
[0719/173507.642:ERROR:crash_report_database_win.cc(469)] failed to stat report
[0719/173507.642:ERROR:crash_report_database_win.cc(469)] failed to stat report
[0719/173507.642:ERROR:crash_report_database_win.cc(469)] failed to stat report
[0719/173507.642:ERROR:crash_report_database_win.cc(469)] failed to stat report
[0719/173507.642:ERROR:crash_report_database_win.cc(469)] failed to stat report
[0719/173507.642:ERROR:crash_report_database_win.cc(469)] failed to stat report
[0719/173507.642:ERROR:crash_report_database_win.cc(469)] failed to stat report
[0719/173507.642:ERROR:crash_report_database_win.cc(469)] failed to stat report
[0719/173507.642:ERROR:crash_report_database_win.cc(469)] failed to stat report
[0719/175007.644:ERROR:crash_report_database_win.cc(469)] failed to stat report
[0719/175007.645:ERROR:crash_report_database_win.cc(469)] failed to stat report
[0719/175007.645:ERROR:crash_report_database_win.cc(469)] failed to stat report
[0719/175007.645:ERROR:crash_report_database_win.cc(469)] failed to stat report
[0719/175007.645:ERROR:crash_report_database_win.cc(469)] failed to stat report
[0719/175007.645:ERROR:crash_report_database_win.cc(469)] failed to stat report
[0719/175007.646:ERROR:crash_report_database_win.cc(469)] failed to stat report
[0719/175007.646:ERROR:crash_report_database_win.cc(469)] failed to stat report
[0719/175007.646:ERROR:crash_report_database_win.cc(469)] failed to stat report
[0719/175007.646:ERROR:crash_report_database_win.cc(469)] failed to stat report
[0719/180507.646:ERROR:crash_report_database_win.cc(469)] failed to stat report
[0719/180507.646:ERROR:crash_report_database_win.cc(469)] failed to stat report
[0719/180507.646:ERROR:crash_report_database_win.cc(469)] failed to stat report
[0719/180507.646:ERROR:crash_report_database_win.cc(469)] failed to stat report
[0719/180507.646:ERROR:crash_report_database_win.cc(469)] failed to stat report
[0719/180507.646:ERROR:crash_report_database_win.cc(469)] failed to stat report
[0719/180507.647:ERROR:crash_report_database_win.cc(469)] failed to stat report
[0719/180507.647:ERROR:crash_report_database_win.cc(469)] failed to stat report
[0719/180507.647:ERROR:crash_report_database_win.cc(469)] failed to stat report
[0719/180507.647:ERROR:crash_report_database_win.cc(469)] failed to stat report
[0719/182007.647:ERROR:crash_report_database_win.cc(469)] failed to stat report
[0719/182007.647:ERROR:crash_report_database_win.cc(469)] failed to stat report
[0719/182007.647:ERROR:crash_report_database_win.cc(469)] failed to stat report
[0719/182007.647:ERROR:crash_report_database_win.cc(469)] failed to stat report
[0719/182007.647:ERROR:crash_report_database_win.cc(469)] failed to stat report
[0719/182007.647:ERROR:crash_report_database_win.cc(469)] failed to stat report
[0719/182007.647:ERROR:crash_report_database_win.cc(469)] failed to stat report
[0719/182007.647:ERROR:crash_report_database_win.cc(469)] failed to stat report
[0719/182007.647:ERROR:crash_report_database_win.cc(469)] failed to stat report
[0719/182007.647:ERROR:crash_report_database_win.cc(469)] failed to stat report
[0719/183507.648:ERROR:crash_report_database_win.cc(469)] failed to stat report
[0719/183507.648:ERROR:crash_report_database_win.cc(469)] failed to stat report
[0719/183507.648:ERROR:crash_report_database_win.cc(469)] failed to stat report
[0719/183507.648:ERROR:crash_report_database_win.cc(469)] failed to stat report
[0719/183507.649:ERROR:crash_report_database_win.cc(469)] failed to stat report
[0719/183507.649:ERROR:crash_report_database_win.cc(469)] failed to stat report
[0719/183507.649:ERROR:crash_report_database_win.cc(469)] failed to stat report
[0719/183507.649:ERROR:crash_report_database_win.cc(469)] failed to stat report
[0719/183507.649:ERROR:crash_report_database_win.cc(469)] failed to stat report
[0719/183507.649:ERROR:crash_report_database_win.cc(469)] failed to stat report
[0719/185007.649:ERROR:crash_report_database_win.cc(469)] failed to stat report
[0719/185007.649:ERROR:crash_report_database_win.cc(469)] failed to stat report
[0719/185007.649:ERROR:crash_report_database_win.cc(469)] failed to stat report
[0719/185007.650:ERROR:crash_report_database_win.cc(469)] failed to stat report
[0719/185007.650:ERROR:crash_report_database_win.cc(469)] failed to stat report
[0719/185007.650:ERROR:crash_report_database_win.cc(469)] failed to stat report
[0719/185007.650:ERROR:crash_report_database_win.cc(469)] failed to stat report
[0719/185007.650:ERROR:crash_report_database_win.cc(469)] failed to stat report
[0719/185007.650:ERROR:crash_report_database_win.cc(469)] failed to stat report
[0719/185007.650:ERROR:crash_report_database_win.cc(469)] failed to stat report
[0719/190507.652:ERROR:crash_report_database_win.cc(469)] failed to stat report
[0719/190507.652:ERROR:crash_report_database_win.cc(469)] failed to stat report
[0719/190507.652:ERROR:crash_report_database_win.cc(469)] failed to stat report
[0719/190507.652:ERROR:crash_report_database_win.cc(469)] failed to stat report
[0719/190507.652:ERROR:crash_report_database_win.cc(469)] failed to stat report
[0719/190507.652:ERROR:crash_report_database_win.cc(469)] failed to stat report
[0719/190507.652:ERROR:crash_report_database_win.cc(469)] failed to stat report
[0719/190507.652:ERROR:crash_report_database_win.cc(469)] failed to stat report
[0719/190507.652:ERROR:crash_report_database_win.cc(469)] failed to stat report
[0719/190507.652:ERROR:crash_report_database_win.cc(469)] failed to stat report
[0719/192007.653:ERROR:crash_report_database_win.cc(469)] failed to stat report
[0719/192007.653:ERROR:crash_report_database_win.cc(469)] failed to stat report
[0719/192007.653:ERROR:crash_report_database_win.cc(469)] failed to stat report
[0719/192007.653:ERROR:crash_report_database_win.cc(469)] failed to stat report
[0719/192007.653:ERROR:crash_report_database_win.cc(469)] failed to stat report
[0719/192007.654:ERROR:crash_report_database_win.cc(469)] failed to stat report
[0719/192007.654:ERROR:crash_report_database_win.cc(469)] failed to stat report
[0719/192007.654:ERROR:crash_report_database_win.cc(469)] failed to stat report
[0719/192007.654:ERROR:crash_report_database_win.cc(469)] failed to stat report
[0719/192007.654:ERROR:crash_report_database_win.cc(469)] failed to stat report
[0719/193507.655:ERROR:crash_report_database_win.cc(469)] failed to stat report
[0719/193507.655:ERROR:crash_report_database_win.cc(469)] failed to stat report
[0719/193507.655:ERROR:crash_report_database_win.cc(469)] failed to stat report
[0719/193507.656:ERROR:crash_report_database_win.cc(469)] failed to stat report
[0719/193507.656:ERROR:crash_report_database_win.cc(469)] failed to stat report
[0719/193507.656:ERROR:crash_report_database_win.cc(469)] failed to stat report
[0719/193507.656:ERROR:crash_report_database_win.cc(469)] failed to stat report
[0719/193507.656:ERROR:crash_report_database_win.cc(469)] failed to stat report
[0719/193507.656:ERROR:crash_report_database_win.cc(469)] failed to stat report
[0719/193507.656:ERROR:crash_report_database_win.cc(469)] failed to stat report
[0719/195007.656:ERROR:crash_report_database_win.cc(469)] failed to stat report
[0719/195007.656:ERROR:crash_report_database_win.cc(469)] failed to stat report
[0719/195007.656:ERROR:crash_report_database_win.cc(469)] failed to stat report
[0719/195007.656:ERROR:crash_report_database_win.cc(469)] failed to stat report
[0719/195007.656:ERROR:crash_report_database_win.cc(469)] failed to stat report
[0719/195007.656:ERROR:crash_report_database_win.cc(469)] failed to stat report
[0719/195007.656:ERROR:crash_report_database_win.cc(469)] failed to stat report
[0719/195007.656:ERROR:crash_report_database_win.cc(469)] failed to stat report
[0719/195007.656:ERROR:crash_report_database_win.cc(469)] failed to stat report
[0719/195007.656:ERROR:crash_report_database_win.cc(469)] failed to stat report
[0719/200507.657:ERROR:crash_report_database_win.cc(469)] failed to stat report
[0719/200507.657:ERROR:crash_report_database_win.cc(469)] failed to stat report
[0719/200507.657:ERROR:crash_report_database_win.cc(469)] failed to stat report
[0719/200507.658:ERROR:crash_report_database_win.cc(469)] failed to stat report
[0719/200507.658:ERROR:crash_report_database_win.cc(469)] failed to stat report
[0719/200507.658:ERROR:crash_report_database_win.cc(469)] failed to stat report
[0719/200507.658:ERROR:crash_report_database_win.cc(469)] failed to stat report
[0719/200507.658:ERROR:crash_report_database_win.cc(469)] failed to stat report
[0719/200507.658:ERROR:crash_report_database_win.cc(469)] failed to stat report
[0719/200507.658:ERROR:crash_report_database_win.cc(469)] failed to stat report
[0719/202007.659:ERROR:crash_report_database_win.cc(469)] failed to stat report
[0719/202007.659:ERROR:crash_report_database_win.cc(469)] failed to stat report
[0719/202007.659:ERROR:crash_report_database_win.cc(469)] failed to stat report
[0719/202007.659:ERROR:crash_report_database_win.cc(469)] failed to stat report
[0719/202007.659:ERROR:crash_report_database_win.cc(469)] failed to stat report
[0719/202007.659:ERROR:crash_report_database_win.cc(469)] failed to stat report
[0719/202007.659:ERROR:crash_report_database_win.cc(469)] failed to stat report
[0719/202007.659:ERROR:crash_report_database_win.cc(469)] failed to stat report
[0719/202007.659:ERROR:crash_report_database_win.cc(469)] failed to stat report
[0719/202007.659:ERROR:crash_report_database_win.cc(469)] failed to stat report
[0719/203507.661:ERROR:crash_report_database_win.cc(469)] failed to stat report
[0719/203507.661:ERROR:crash_report_database_win.cc(469)] failed to stat report
[0719/203507.661:ERROR:crash_report_database_win.cc(469)] failed to stat report
[0719/203507.661:ERROR:crash_report_database_win.cc(469)] failed to stat report
[0719/203507.661:ERROR:crash_report_database_win.cc(469)] failed to stat report
[0719/203507.662:ERROR:crash_report_database_win.cc(469)] failed to stat report
[0719/203507.662:ERROR:crash_report_database_win.cc(469)] failed to stat report
[0719/203507.662:ERROR:crash_report_database_win.cc(469)] failed to stat report
[0719/203507.662:ERROR:crash_report_database_win.cc(469)] failed to stat report
[0719/203507.662:ERROR:crash_report_database_win.cc(469)] failed to stat report
[0719/205007.666:ERROR:crash_report_database_win.cc(469)] failed to stat report
[0719/205007.666:ERROR:crash_report_database_win.cc(469)] failed to stat report
[0719/205007.666:ERROR:crash_report_database_win.cc(469)] failed to stat report
[0719/205007.666:ERROR:crash_report_database_win.cc(469)] failed to stat report
[0719/205007.666:ERROR:crash_report_database_win.cc(469)] failed to stat report
[0719/205007.667:ERROR:crash_report_database_win.cc(469)] failed to stat report
[0719/205007.667:ERROR:crash_report_database_win.cc(469)] failed to stat report
[0719/205007.667:ERROR:crash_report_database_win.cc(469)] failed to stat report
[0719/205007.667:ERROR:crash_report_database_win.cc(469)] failed to stat report
[0719/205007.667:ERROR:crash_report_database_win.cc(469)] failed to stat report
[0719/210507.670:ERROR:crash_report_database_win.cc(469)] failed to stat report
[0719/210507.671:ERROR:crash_report_database_win.cc(469)] failed to stat report
[0719/210507.671:ERROR:crash_report_database_win.cc(469)] failed to stat report
[0719/210507.672:ERROR:crash_report_database_win.cc(469)] failed to stat report
[0719/210507.673:ERROR:crash_report_database_win.cc(469)] failed to stat report
[0719/210507.673:ERROR:crash_report_database_win.cc(469)] failed to stat report
[0719/210507.673:ERROR:crash_report_database_win.cc(469)] failed to stat report
[0719/210507.673:ERROR:crash_report_database_win.cc(469)] failed to stat report
[0719/210507.674:ERROR:crash_report_database_win.cc(469)] failed to stat report
[0719/210507.674:ERROR:crash_report_database_win.cc(469)] failed to stat report
[0719/212007.683:ERROR:crash_report_database_win.cc(469)] failed to stat report
[0719/212007.683:ERROR:crash_report_database_win.cc(469)] failed to stat report
[0719/212007.683:ERROR:crash_report_database_win.cc(469)] failed to stat report
[0719/212007.683:ERROR:crash_report_database_win.cc(469)] failed to stat report
[0719/212007.683:ERROR:crash_report_database_win.cc(469)] failed to stat report
[0719/212007.683:ERROR:crash_report_database_win.cc(469)] failed to stat report
[0719/212007.683:ERROR:crash_report_database_win.cc(469)] failed to stat report
[0719/212007.683:ERROR:crash_report_database_win.cc(469)] failed to stat report
[0719/212007.683:ERROR:crash_report_database_win.cc(469)] failed to stat report
[0719/212007.683:ERROR:crash_report_database_win.cc(469)] failed to stat report
[0719/213507.685:ERROR:crash_report_database_win.cc(469)] failed to stat report
[0719/213507.685:ERROR:crash_report_database_win.cc(469)] failed to stat report
[0719/213507.685:ERROR:crash_report_database_win.cc(469)] failed to stat report
[0719/213507.685:ERROR:crash_report_database_win.cc(469)] failed to stat report
[0719/213507.685:ERROR:crash_report_database_win.cc(469)] failed to stat report
[0719/213507.685:ERROR:crash_report_database_win.cc(469)] failed to stat report
[0719/213507.686:ERROR:crash_report_database_win.cc(469)] failed to stat report
[0719/213507.686:ERROR:crash_report_database_win.cc(469)] failed to stat report
[0719/213507.686:ERROR:crash_report_database_win.cc(469)] failed to stat report
[0719/213507.686:ERROR:crash_report_database_win.cc(469)] failed to stat report
[0719/215007.687:ERROR:crash_report_database_win.cc(469)] failed to stat report
[0719/215007.687:ERROR:crash_report_database_win.cc(469)] failed to stat report
[0719/215007.687:ERROR:crash_report_database_win.cc(469)] failed to stat report
[0719/215007.687:ERROR:crash_report_database_win.cc(469)] failed to stat report
[0719/215007.687:ERROR:crash_report_database_win.cc(469)] failed to stat report
[0719/215007.687:ERROR:crash_report_database_win.cc(469)] failed to stat report
[0719/215007.687:ERROR:crash_report_database_win.cc(469)] failed to stat report
[0719/215007.687:ERROR:crash_report_database_win.cc(469)] failed to stat report
[0719/215007.687:ERROR:crash_report_database_win.cc(469)] failed to stat report
[0719/215007.687:ERROR:crash_report_database_win.cc(469)] failed to stat report
